<?xml version="1.0" encoding="UTF-8"?>
<!-- Generated by org.testng.reporters.JUnitXMLReporter -->
<testsuite hostname="Riyaans-MacBook-Air.local" ignored="0" name="Default test" tests="3" failures="0" timestamp="2022-01-24T10:27:09 IST" time="0.064" errors="0">
  <testcase name="checkTitle" time="0.009" classname="basic.testng.concepts.tests.group_03.group_test"/>
  <testcase name="click_element" time="0.002" classname="basic.testng.concepts.tests.group_03.group_test"/>
  <testcase name="starting_point" time="0.001" classname="basic.testng.concepts.tests.group_03.group_test"/>
</testsuite> <!-- Default test -->
