<?xml version="1.0" encoding="UTF-8"?>
<!-- Generated by org.testng.reporters.JUnitXMLReporter -->
<testsuite ignored="0" hostname="IND-5CG0259CMH" failures="1" tests="1" name="MyTests" time="11.303" errors="0" timestamp="2021-11-12T01:20:14 IST">
  <testcase classname="com.test.RegistrationTest" name="registration_of_user" time="2.088">
    <failure type="java.lang.AssertionError" message="expected [true] but found [false]">
      <![CDATA[java.lang.AssertionError: expected [true] but found [false]
at com.test.RegistrationTest.registration_of_user(RegistrationTest.java:45)
at java.base/java.util.ArrayList.forEach(ArrayList.java:1511)
... Removed 31 stack frames]]>
    </failure>
  </testcase> <!-- registration_of_user -->
</testsuite> <!-- MyTests -->
