<?xml version="1.0" encoding="UTF-8"?>
<!-- Generated by org.testng.reporters.JUnitXMLReporter -->
<testsuite ignored="1" hostname="IND-5CG0259CMH" failures="0" tests="2" name="MyTest" time="0.053" errors="0" timestamp="2021-11-12T10:58:18 IST">
  <testcase classname="com.test.group_test" name="checkTitle" time="0.011"/>
  <testcase classname="com.test.group_test" name="click_element" time="0.002"/>
  <testcase classname="com.test.group_test" name="starting_point" time="0.0">
    <ignored/>
  </testcase> <!-- starting_point -->
</testsuite> <!-- MyTest -->
