<?xml version="1.0" encoding="UTF-8"?>
<!-- Generated by org.testng.reporters.JUnitXMLReporter -->
<testsuite hostname="Riyaans-MacBook-Air.local" ignored="1" name="MyTests" tests="2" failures="0" timestamp="2022-01-25T10:29:07 IST" time="31.947" errors="0">
  <testcase name="registration_of_user" time="6.961" classname="com.test.RegistrationTest"/>
  <testcase name="reservation_of_user" time="7.696" classname="com.test.ReservationTest"/>
  <testcase name="@BeforeSuite setUpEnv" time="0.0" classname="com.base.BaseClass">
    <ignored/>
  </testcase> <!-- @BeforeSuite setUpEnv -->
</testsuite> <!-- MyTests -->
