<?xml version="1.0" encoding="UTF-8"?>
<!-- Generated by org.testng.reporters.JUnitXMLReporter -->
<testsuite hostname="Riyaans-MacBook-Air.local" ignored="1" name="MyTest" tests="2" failures="0" timestamp="2022-01-22T12:21:19 IST" time="0.054" errors="0">
  <testcase name="checkTitle" time="0.008" classname="basic.testng.concepts.tests.group_03.group_test"/>
  <testcase name="click_element" time="0.002" classname="basic.testng.concepts.tests.group_03.group_test"/>
  <testcase name="starting_point" time="0.0" classname="basic.testng.concepts.tests.group_03.group_test">
    <ignored/>
  </testcase> <!-- starting_point -->
</testsuite> <!-- MyTest -->
