<?xml version="1.0" encoding="UTF-8"?>
<testng-results skipped="0" failed="0" ignored="0" total="1" passed="1">
  <reporter-output>
  </reporter-output>
  <suite name="Default suite" duration-ms="55" started-at="2022-01-21T01:07:57 IST" finished-at="2022-01-21T01:07:57 IST">
    <groups>
    </groups>
    <test name="Default test" duration-ms="55" started-at="2022-01-21T01:07:57 IST" finished-at="2022-01-21T01:07:57 IST">
      <class name="com.test.anotationsExample">
        <test-method status="PASS" signature="beforeSuite()[pri:0, instance:com.test.anotationsExample@ed9d034]" name="beforeSuite" is-config="true" duration-ms="19" started-at="2022-01-21T01:07:57 IST" finished-at="2022-01-21T01:07:57 IST">
          <reporter-output>
          </reporter-output>
        </test-method> <!-- beforeSuite -->
        <test-method status="PASS" signature="beforeTest()[pri:0, instance:com.test.anotationsExample@ed9d034]" name="beforeTest" is-config="true" duration-ms="1" started-at="2022-01-21T01:07:57 IST" finished-at="2022-01-21T01:07:57 IST">
          <reporter-output>
          </reporter-output>
        </test-method> <!-- beforeTest -->
        <test-method status="PASS" signature="beforeClass()[pri:0, instance:com.test.anotationsExample@ed9d034]" name="beforeClass" is-config="true" duration-ms="0" started-at="2022-01-21T01:07:57 IST" finished-at="2022-01-21T01:07:57 IST">
          <reporter-output>
          </reporter-output>
        </test-method> <!-- beforeClass -->
        <test-method status="PASS" signature="beforeMethod()[pri:0, instance:com.test.anotationsExample@ed9d034]" name="beforeMethod" is-config="true" duration-ms="0" started-at="2022-01-21T01:07:57 IST" finished-at="2022-01-21T01:07:57 IST">
          <reporter-output>
          </reporter-output>
        </test-method> <!-- beforeMethod -->
        <test-method status="PASS" signature="testCase1()[pri:0, instance:com.test.anotationsExample@ed9d034]" name="testCase1" duration-ms="7" started-at="2022-01-21T01:07:57 IST" finished-at="2022-01-21T01:07:57 IST">
          <reporter-output>
          </reporter-output>
        </test-method> <!-- testCase1 -->
        <test-method status="PASS" signature="afterMethod()[pri:0, instance:com.test.anotationsExample@ed9d034]" name="afterMethod" is-config="true" duration-ms="1" started-at="2022-01-21T01:07:57 IST" finished-at="2022-01-21T01:07:57 IST">
          <reporter-output>
          </reporter-output>
        </test-method> <!-- afterMethod -->
        <test-method status="PASS" signature="afterClass()[pri:0, instance:com.test.anotationsExample@ed9d034]" name="afterClass" is-config="true" duration-ms="1" started-at="2022-01-21T01:07:57 IST" finished-at="2022-01-21T01:07:57 IST">
          <reporter-output>
          </reporter-output>
        </test-method> <!-- afterClass -->
        <test-method status="PASS" signature="afterTest()[pri:0, instance:com.test.anotationsExample@ed9d034]" name="afterTest" is-config="true" duration-ms="1" started-at="2022-01-21T01:07:57 IST" finished-at="2022-01-21T01:07:57 IST">
          <reporter-output>
          </reporter-output>
        </test-method> <!-- afterTest -->
        <test-method status="PASS" signature="afterSuite()[pri:0, instance:com.test.anotationsExample@ed9d034]" name="afterSuite" is-config="true" duration-ms="2" started-at="2022-01-21T01:08:02 IST" finished-at="2022-01-21T01:08:02 IST">
          <reporter-output>
          </reporter-output>
        </test-method> <!-- afterSuite -->
      </class> <!-- com.test.anotationsExample -->
    </test> <!-- Default test -->
  </suite> <!-- Default suite -->
</testng-results>
