<?xml version="1.0" encoding="UTF-8"?>
<testng-results skipped="0" failed="0" ignored="1" total="3" passed="2">
  <reporter-output>
  </reporter-output>
  <suite name="Test-Suite" duration-ms="63" started-at="2022-01-24T10:28:04 IST" finished-at="2022-01-24T10:28:04 IST">
    <groups>
      <group name="Smoke">
        <method signature="group_test.checkTitle()[pri:0, instance:basic.testng.concepts.tests.group_03.group_test@3234e239]" name="checkTitle" class="basic.testng.concepts.tests.group_03.group_test"/>
      </group> <!-- Smoke -->
      <group name="demo">
        <method signature="group_test.checkTitle()[pri:0, instance:basic.testng.concepts.tests.group_03.group_test@3234e239]" name="checkTitle" class="basic.testng.concepts.tests.group_03.group_test"/>
        <method signature="group_test.click_element()[pri:0, instance:basic.testng.concepts.tests.group_03.group_test@3234e239]" name="click_element" class="basic.testng.concepts.tests.group_03.group_test"/>
      </group> <!-- demo -->
    </groups>
    <test name="MyTest" duration-ms="63" started-at="2022-01-24T10:28:04 IST" finished-at="2022-01-24T10:28:04 IST">
      <class name="basic.testng.concepts.tests.group_03.group_test">
        <test-method status="PASS" signature="checkTitle()[pri:0, instance:basic.testng.concepts.tests.group_03.group_test@3234e239]" name="checkTitle" duration-ms="9" started-at="2022-01-24T10:28:04 IST" finished-at="2022-01-24T10:28:04 IST">
          <reporter-output>
          </reporter-output>
        </test-method> <!-- checkTitle -->
        <test-method status="PASS" signature="click_element()[pri:0, instance:basic.testng.concepts.tests.group_03.group_test@3234e239]" name="click_element" duration-ms="3" started-at="2022-01-24T10:28:04 IST" finished-at="2022-01-24T10:28:04 IST">
          <reporter-output>
          </reporter-output>
        </test-method> <!-- click_element -->
      </class> <!-- basic.testng.concepts.tests.group_03.group_test -->
    </test> <!-- MyTest -->
  </suite> <!-- Test-Suite -->
</testng-results>
